  64 bit Processing Matlab_Header\mwcomtypes.idl
  mwcomtypes.idl
  64 bit Processing C:\Program Files (x86)\Windows Kits\8.1\Include\um\oaidl.idl
  oaidl.idl
  64 bit Processing C:\Program Files (x86)\Windows Kits\8.1\Include\um\objidl.idl
  objidl.idl
  64 bit Processing C:\Program Files (x86)\Windows Kits\8.1\Include\um\unknwn.idl
  unknwn.idl
  64 bit Processing C:\Program Files (x86)\Windows Kits\8.1\Include\shared\wtypes.idl
  wtypes.idl
  64 bit Processing C:\Program Files (x86)\Windows Kits\8.1\Include\shared\wtypesbase.idl
  wtypesbase.idl
  64 bit Processing C:\Program Files (x86)\Windows Kits\8.1\Include\shared\basetsd.h
  basetsd.h
  64 bit Processing C:\Program Files (x86)\Windows Kits\8.1\Include\shared\guiddef.h
  guiddef.h
  64 bit Processing C:\Program Files (x86)\Windows Kits\8.1\Include\um\ocidl.idl
  ocidl.idl
  64 bit Processing C:\Program Files (x86)\Windows Kits\8.1\Include\um\oleidl.idl
  oleidl.idl
  64 bit Processing C:\Program Files (x86)\Windows Kits\8.1\Include\um\servprov.idl
  servprov.idl
  64 bit Processing C:\Program Files (x86)\Windows Kits\8.1\Include\um\urlmon.idl
  urlmon.idl
  64 bit Processing C:\Program Files (x86)\Windows Kits\8.1\Include\um\msxml.idl
  msxml.idl
  64 bit Processing C:\Program Files (x86)\Windows Kits\8.1\Include\um\oaidl.acf
  oaidl.acf
  64 bit Processing C:\Program Files (x86)\Windows Kits\8.1\Include\um\ocidl.acf
  ocidl.acf
  Transform.cpp
d:\opencv3.0\opencv\build\include\opencv2\core\mat.hpp(1965): warning C4819: 该文件包含不能在当前代码页(936)中表示的字符。请将该文件保存为 Unicode 格式以防止数据丢失
d:\opencv3.0\opencv\build\include\opencv2\core\persistence.hpp : warning C4819: 该文件包含不能在当前代码页(936)中表示的字符。请将该文件保存为 Unicode 格式以防止数据丢失
d:\opencv3.0\opencv\build\include\opencv2\core\utility.hpp : warning C4819: 该文件包含不能在当前代码页(936)中表示的字符。请将该文件保存为 Unicode 格式以防止数据丢失
d:\opencv3.0\opencv\build\include\opencv2\core\utility.hpp : warning C4819: 该文件包含不能在当前代码页(936)中表示的字符。请将该文件保存为 Unicode 格式以防止数据丢失
d:\code_image_stitch\niswgsp_new\niswgsp\util\transform.cpp(79): warning C4244: “=”: 从“double”转换到“float”，可能丢失数据
  d:\code_image_stitch\niswgsp_new\niswgsp\util\transform.cpp(222): note: 参见对正在编译的函数 模板 实例化“float normalizeAngle<float>(float)”的引用
d:\code_image_stitch\niswgsp_new\niswgsp\util\transform.cpp(90): warning C4244: “参数”: 从“double”转换到“float”，可能丢失数据
  d:\code_image_stitch\niswgsp_new\niswgsp\util\transform.cpp(225): note: 参见对正在编译的函数 模板 实例化“cv::Point_<float> applyTransform3x3<float>(float,float,const cv::Mat &)”的引用
d:\code_image_stitch\niswgsp_new\niswgsp\util\transform.cpp(96): warning C4244: “参数”: 从“double”转换到“float”，可能丢失数据
  d:\code_image_stitch\niswgsp_new\niswgsp\util\transform.cpp(228): note: 参见对正在编译的函数 模板 实例化“cv::Point_<float> applyTransform2x3<float>(float,float,const cv::Mat &)”的引用
d:\code_image_stitch\niswgsp_new\niswgsp\util\transform.cpp(101): warning C4244: “初始化”: 从“float”转换到“int”，可能丢失数据
  d:\code_image_stitch\niswgsp_new\niswgsp\util\transform.cpp(231): note: 参见对正在编译的函数 模板 实例化“cv::Size_<int> normalizeVertices<int>(std::vector<std::vector<cv::Point,std::allocator<_Ty>>,std::allocator<std::vector<_Ty,std::allocator<_Ty>>>> &)”的引用
          with
          [
              _Ty=cv::Point
          ]
d:\code_image_stitch\niswgsp_new\niswgsp\util\transform.cpp(101): warning C4056: 浮点常量算术溢出
d:\code_image_stitch\niswgsp_new\niswgsp\util\transform.cpp(102): warning C4244: “初始化”: 从“float”转换到“int”，可能丢失数据
d:\code_image_stitch\niswgsp_new\niswgsp\util\transform.cpp(102): warning C4056: 浮点常量算术溢出
d:\code_image_stitch\niswgsp_new\niswgsp\util\transform.cpp(176): warning C4305: “=”: 从“double”到“float”截断
  d:\code_image_stitch\niswgsp_new\niswgsp\util\transform.cpp(245): note: 参见对正在编译的函数 模板 实例化“cv::Vec<float,3> getEulerZXYRadians<float>(const cv::Mat_<float> &)”的引用
d:\code_image_stitch\niswgsp_new\niswgsp\util\transform.cpp(181): warning C4305: “=”: 从“double”到“float”截断
d:\microsoft visual studio 14.0\vc\include\xmemory0(737): warning C4244: “参数”: 从“double”转换到“float”，可能丢失数据
  d:\microsoft visual studio 14.0\vc\include\xmemory0(857): note: 参见对正在编译的函数 模板 实例化“void std::allocator<_Ty>::construct<_Objty,double,double>(_Objty *,double &&,double &&)”的引用
          with
          [
              _Ty=cv::Point2f,
              _Objty=cv::Point_<float>
          ]
  d:\microsoft visual studio 14.0\vc\include\xmemory0(857): note: 参见对正在编译的函数 模板 实例化“void std::allocator<_Ty>::construct<_Objty,double,double>(_Objty *,double &&,double &&)”的引用
          with
          [
              _Ty=cv::Point2f,
              _Objty=cv::Point_<float>
          ]
  d:\microsoft visual studio 14.0\vc\include\xmemory0(996): note: 参见对正在编译的函数 模板 实例化“void std::allocator_traits<_Alloc>::construct<_Ty,double,double>(std::allocator<_Ty> &,_Objty *,double &&,double &&)”的引用
          with
          [
              _Alloc=std::allocator<cv::Point2f>,
              _Ty=cv::Point_<float>,
              _Objty=cv::Point_<float>
          ]
  d:\microsoft visual studio 14.0\vc\include\xmemory0(995): note: 参见对正在编译的函数 模板 实例化“void std::allocator_traits<_Alloc>::construct<_Ty,double,double>(std::allocator<_Ty> &,_Objty *,double &&,double &&)”的引用
          with
          [
              _Alloc=std::allocator<cv::Point2f>,
              _Ty=cv::Point_<float>,
              _Objty=cv::Point_<float>
          ]
  d:\microsoft visual studio 14.0\vc\include\vector(930): note: 参见对正在编译的函数 模板 实例化“void std::_Wrap_alloc<std::allocator<_Ty>>::construct<_Ty,double,double>(_Ty *,double &&,double &&)”的引用
          with
          [
              _Ty=cv::Point2f
          ]
  d:\microsoft visual studio 14.0\vc\include\vector(929): note: 参见对正在编译的函数 模板 实例化“void std::_Wrap_alloc<std::allocator<_Ty>>::construct<_Ty,double,double>(_Ty *,double &&,double &&)”的引用
          with
          [
              _Ty=cv::Point2f
          ]
  d:\code_image_stitch\niswgsp_new\niswgsp\util\transform.cpp(71): note: 参见对正在编译的函数 模板 实例化“void std::vector<cv::Point2f,std::allocator<_Ty>>::emplace_back<_Tp,_Tp>(_Tp &&,_Tp &&)”的引用
          with
          [
              _Ty=cv::Point2f,
              _Tp=double
          ]
  d:\code_image_stitch\niswgsp_new\niswgsp\util\transform.cpp(70): note: 参见对正在编译的函数 模板 实例化“void std::vector<cv::Point2f,std::allocator<_Ty>>::emplace_back<_Tp,_Tp>(_Tp &&,_Tp &&)”的引用
          with
          [
              _Ty=cv::Point2f,
              _Tp=double
          ]
  Statistics.cpp
  InputParser.cpp
d:\code_image_stitch\niswgsp_new\niswgsp\util\inputparser.cpp(46): warning C4244: “=”: 从“float”转换到“int”，可能丢失数据
  d:\code_image_stitch\niswgsp_new\niswgsp\util\inputparser.cpp(74): note: 参见对正在编译的函数 模板 实例化“T transfer<T>(const std::string &)”的引用
          with
          [
              T=int
          ]
  d:\code_image_stitch\niswgsp_new\niswgsp\util\inputparser.cpp(98): note: 参见对正在编译的函数 模板 实例化“int InputParser::get<int>(const std::string &,const int *) const”的引用
d:\code_image_stitch\niswgsp_new\niswgsp\util\inputparser.cpp(48): warning C4244: “=”: 从“double”转换到“int”，可能丢失数据
d:\code_image_stitch\niswgsp_new\niswgsp\util\inputparser.cpp(44): warning C4244: “=”: 从“int”转换到“float”，可能丢失数据
  d:\code_image_stitch\niswgsp_new\niswgsp\util\inputparser.cpp(74): note: 参见对正在编译的函数 模板 实例化“T transfer<T>(const std::string &)”的引用
          with
          [
              T=float
          ]
  d:\code_image_stitch\niswgsp_new\niswgsp\util\inputparser.cpp(99): note: 参见对正在编译的函数 模板 实例化“float InputParser::get<float>(const std::string &,const float *) const”的引用
d:\code_image_stitch\niswgsp_new\niswgsp\util\inputparser.cpp(48): warning C4244: “=”: 从“double”转换到“float”，可能丢失数据
  Blending.cpp
d:\opencv3.0\opencv\build\include\opencv2\core\mat.hpp(1965): warning C4819: 该文件包含不能在当前代码页(936)中表示的字符。请将该文件保存为 Unicode 格式以防止数据丢失
d:\opencv3.0\opencv\build\include\opencv2\core\persistence.hpp : warning C4819: 该文件包含不能在当前代码页(936)中表示的字符。请将该文件保存为 Unicode 格式以防止数据丢失
d:\opencv3.0\opencv\build\include\opencv2\core\utility.hpp : warning C4819: 该文件包含不能在当前代码页(936)中表示的字符。请将该文件保存为 Unicode 格式以防止数据丢失
d:\opencv3.0\opencv\build\include\opencv2\core\utility.hpp : warning C4819: 该文件包含不能在当前代码页(936)中表示的字符。请将该文件保存为 Unicode 格式以防止数据丢失
d:\code_image_stitch\niswgsp_new\niswgsp\util\blending.cpp(16): warning C4244: “=”: 从“int”转换到“float”，可能丢失数据
d:\code_image_stitch\niswgsp_new\niswgsp\util\blending.cpp(37): warning C4244: “参数”: 从“float”转换到“int”，可能丢失数据
d:\code_image_stitch\niswgsp_new\niswgsp\util\blending.cpp(50): warning C4244: “参数”: 从“float”转换到“int”，可能丢失数据
d:\code_image_stitch\niswgsp_new\niswgsp\util\blending.cpp(69): warning C4244: “参数”: 从“float”转换到“uchar”，可能丢失数据
  Parameter.cpp
d:\opencv3.0\opencv\build\include\opencv2\core\mat.hpp(1965): warning C4819: 该文件包含不能在当前代码页(936)中表示的字符。请将该文件保存为 Unicode 格式以防止数据丢失
d:\opencv3.0\opencv\build\include\opencv2\core\persistence.hpp : warning C4819: 该文件包含不能在当前代码页(936)中表示的字符。请将该文件保存为 Unicode 格式以防止数据丢失
d:\opencv3.0\opencv\build\include\opencv2\core\utility.hpp : warning C4819: 该文件包含不能在当前代码页(936)中表示的字符。请将该文件保存为 Unicode 格式以防止数据丢失
d:\opencv3.0\opencv\build\include\opencv2\core\utility.hpp : warning C4819: 该文件包含不能在当前代码页(936)中表示的字符。请将该文件保存为 Unicode 格式以防止数据丢失
  NISwGSP_Stitching.cpp
d:\opencv3.0\opencv\build\include\opencv2\core\mat.hpp(1965): warning C4819: 该文件包含不能在当前代码页(936)中表示的字符。请将该文件保存为 Unicode 格式以防止数据丢失
d:\opencv3.0\opencv\build\include\opencv2\core\persistence.hpp : warning C4819: 该文件包含不能在当前代码页(936)中表示的字符。请将该文件保存为 Unicode 格式以防止数据丢失
d:\opencv3.0\opencv\build\include\opencv2\core\utility.hpp : warning C4819: 该文件包含不能在当前代码页(936)中表示的字符。请将该文件保存为 Unicode 格式以防止数据丢失
d:\opencv3.0\opencv\build\include\opencv2\core\utility.hpp : warning C4819: 该文件包含不能在当前代码页(936)中表示的字符。请将该文件保存为 Unicode 格式以防止数据丢失
  APAP_Stitching.cpp
d:\opencv3.0\opencv\build\include\opencv2\core\mat.hpp(1965): warning C4819: 该文件包含不能在当前代码页(936)中表示的字符。请将该文件保存为 Unicode 格式以防止数据丢失
d:\opencv3.0\opencv\build\include\opencv2\core\persistence.hpp : warning C4819: 该文件包含不能在当前代码页(936)中表示的字符。请将该文件保存为 Unicode 格式以防止数据丢失
d:\opencv3.0\opencv\build\include\opencv2\core\utility.hpp : warning C4819: 该文件包含不能在当前代码页(936)中表示的字符。请将该文件保存为 Unicode 格式以防止数据丢失
d:\opencv3.0\opencv\build\include\opencv2\core\utility.hpp : warning C4819: 该文件包含不能在当前代码页(936)中表示的字符。请将该文件保存为 Unicode 格式以防止数据丢失
d:\microsoft visual studio 14.0\vc\include\xmemory0(737): warning C4244: “参数”: 从“double”转换到“float”，可能丢失数据
  d:\microsoft visual studio 14.0\vc\include\xmemory0(857): note: 参见对正在编译的函数 模板 实例化“void std::allocator<_Ty>::construct<_Objty,double,double>(_Objty *,double &&,double &&)”的引用
          with
          [
              _Ty=cv::Point2f,
              _Objty=cv::Point_<float>
          ]
  d:\microsoft visual studio 14.0\vc\include\xmemory0(857): note: 参见对正在编译的函数 模板 实例化“void std::allocator<_Ty>::construct<_Objty,double,double>(_Objty *,double &&,double &&)”的引用
          with
          [
              _Ty=cv::Point2f,
              _Objty=cv::Point_<float>
          ]
  d:\microsoft visual studio 14.0\vc\include\xmemory0(996): note: 参见对正在编译的函数 模板 实例化“void std::allocator_traits<_Alloc>::construct<_Ty,double,double>(std::allocator<_Ty> &,_Objty *,double &&,double &&)”的引用
          with
          [
              _Alloc=std::allocator<cv::Point2f>,
              _Ty=cv::Point_<float>,
              _Objty=cv::Point_<float>
          ]
  d:\microsoft visual studio 14.0\vc\include\xmemory0(995): note: 参见对正在编译的函数 模板 实例化“void std::allocator_traits<_Alloc>::construct<_Ty,double,double>(std::allocator<_Ty> &,_Objty *,double &&,double &&)”的引用
          with
          [
              _Alloc=std::allocator<cv::Point2f>,
              _Ty=cv::Point_<float>,
              _Objty=cv::Point_<float>
          ]
  d:\microsoft visual studio 14.0\vc\include\vector(930): note: 参见对正在编译的函数 模板 实例化“void std::_Wrap_alloc<std::allocator<_Ty>>::construct<_Ty,double,double>(_Ty *,double &&,double &&)”的引用
          with
          [
              _Ty=cv::Point2f
          ]
  d:\microsoft visual studio 14.0\vc\include\vector(929): note: 参见对正在编译的函数 模板 实例化“void std::_Wrap_alloc<std::allocator<_Ty>>::construct<_Ty,double,double>(_Ty *,double &&,double &&)”的引用
          with
          [
              _Ty=cv::Point2f
          ]
  d:\code_image_stitch\niswgsp_new\niswgsp\stitching\apap_stitching.cpp(32): note: 参见对正在编译的函数 模板 实例化“void std::vector<cv::Point2f,std::allocator<_Ty>>::emplace_back<_Tp,_Tp>(_Tp &&,_Tp &&)”的引用
          with
          [
              _Ty=cv::Point2f,
              _Tp=double
          ]
  d:\code_image_stitch\niswgsp_new\niswgsp\stitching\apap_stitching.cpp(31): note: 参见对正在编译的函数 模板 实例化“void std::vector<cv::Point2f,std::allocator<_Ty>>::emplace_back<_Tp,_Tp>(_Tp &&,_Tp &&)”的引用
          with
          [
              _Ty=cv::Point2f,
              _Tp=double
          ]
  MeshOptimization.cpp
d:\opencv3.0\opencv\build\include\opencv2\core\mat.hpp(1965): warning C4819: 该文件包含不能在当前代码页(936)中表示的字符。请将该文件保存为 Unicode 格式以防止数据丢失
d:\opencv3.0\opencv\build\include\opencv2\core\persistence.hpp : warning C4819: 该文件包含不能在当前代码页(936)中表示的字符。请将该文件保存为 Unicode 格式以防止数据丢失
d:\opencv3.0\opencv\build\include\opencv2\core\utility.hpp : warning C4819: 该文件包含不能在当前代码页(936)中表示的字符。请将该文件保存为 Unicode 格式以防止数据丢失
d:\opencv3.0\opencv\build\include\opencv2\core\utility.hpp : warning C4819: 该文件包含不能在当前代码页(936)中表示的字符。请将该文件保存为 Unicode 格式以防止数据丢失
d:\code_image_stitch\niswgsp_new\niswgsp\mesh\meshoptimization.cpp(65): warning C4800: “double”: 将值强制为布尔值“true”或“false”(性能警告)
d:\code_image_stitch\niswgsp_new\niswgsp\mesh\meshoptimization.cpp(66): warning C4800: “double”: 将值强制为布尔值“true”或“false”(性能警告)
d:\code_image_stitch\niswgsp_new\niswgsp\mesh\meshoptimization.cpp(146): warning C4800: “const int”: 将值强制为布尔值“true”或“false”(性能警告)
d:\code_image_stitch\niswgsp_new\niswgsp\mesh\meshoptimization.cpp(147): warning C4800: “const int”: 将值强制为布尔值“true”或“false”(性能警告)
d:\code_image_stitch\niswgsp_new\niswgsp\mesh\meshoptimization.cpp(266): warning C4267: “+=”: 从“size_t”转换到“int”，可能丢失数据
d:\code_image_stitch\niswgsp_new\niswgsp\mesh\meshoptimization.cpp(274): warning C4267: “+=”: 从“size_t”转换到“int”，可能丢失数据
d:\code_image_stitch\niswgsp_new\niswgsp\mesh\meshoptimization.cpp(282): warning C4267: “+=”: 从“size_t”转换到“int”，可能丢失数据
d:\code_image_stitch\niswgsp_new\niswgsp\mesh\meshoptimization.cpp(294): warning C4267: “+=”: 从“size_t”转换到“int”，可能丢失数据
d:\code_image_stitch\niswgsp_new\niswgsp\mesh\meshoptimization.cpp(297): warning C4267: “-=”: 从“size_t”转换到“int”，可能丢失数据
d:\microsoft visual studio 14.0\vc\include\xmemory0(737): warning C4244: “参数”: 从“double”转换到“float”，可能丢失数据
  d:\microsoft visual studio 14.0\vc\include\xmemory0(857): note: 参见对正在编译的函数 模板 实例化“void std::allocator<_Ty>::construct<_Objty,double&,double&>(_Objty *,double &,double &)”的引用
          with
          [
              _Ty=cv::Point2f,
              _Objty=cv::Point_<float>
          ]
  d:\microsoft visual studio 14.0\vc\include\xmemory0(857): note: 参见对正在编译的函数 模板 实例化“void std::allocator<_Ty>::construct<_Objty,double&,double&>(_Objty *,double &,double &)”的引用
          with
          [
              _Ty=cv::Point2f,
              _Objty=cv::Point_<float>
          ]
  d:\microsoft visual studio 14.0\vc\include\xmemory0(996): note: 参见对正在编译的函数 模板 实例化“void std::allocator_traits<_Alloc>::construct<_Ty,double&,double&>(std::allocator<_Ty> &,_Objty *,double &,double &)”的引用
          with
          [
              _Alloc=std::allocator<cv::Point2f>,
              _Ty=cv::Point_<float>,
              _Objty=cv::Point_<float>
          ]
  d:\microsoft visual studio 14.0\vc\include\xmemory0(995): note: 参见对正在编译的函数 模板 实例化“void std::allocator_traits<_Alloc>::construct<_Ty,double&,double&>(std::allocator<_Ty> &,_Objty *,double &,double &)”的引用
          with
          [
              _Alloc=std::allocator<cv::Point2f>,
              _Ty=cv::Point_<float>,
              _Objty=cv::Point_<float>
          ]
  d:\microsoft visual studio 14.0\vc\include\vector(930): note: 参见对正在编译的函数 模板 实例化“void std::_Wrap_alloc<std::allocator<_Ty>>::construct<_Ty,double&,double&>(_Ty *,double &,double &)”的引用
          with
          [
              _Ty=cv::Point2f
          ]
  d:\microsoft visual studio 14.0\vc\include\vector(929): note: 参见对正在编译的函数 模板 实例化“void std::_Wrap_alloc<std::allocator<_Ty>>::construct<_Ty,double&,double&>(_Ty *,double &,double &)”的引用
          with
          [
              _Ty=cv::Point2f
          ]
  d:\code_image_stitch\niswgsp_new\niswgsp\mesh\meshoptimization.cpp(340): note: 参见对正在编译的函数 模板 实例化“void std::vector<cv::Point2f,std::allocator<_Ty>>::emplace_back<double&,double&>(double &,double &)”的引用
          with
          [
              _Ty=cv::Point2f
          ]
  d:\code_image_stitch\niswgsp_new\niswgsp\mesh\meshoptimization.cpp(339): note: 参见对正在编译的函数 模板 实例化“void std::vector<cv::Point2f,std::allocator<_Ty>>::emplace_back<double&,double&>(double &,double &)”的引用
          with
          [
              _Ty=cv::Point2f
          ]
  MeshGrid.cpp
d:\opencv3.0\opencv\build\include\opencv2\core\mat.hpp(1965): warning C4819: 该文件包含不能在当前代码页(936)中表示的字符。请将该文件保存为 Unicode 格式以防止数据丢失
d:\opencv3.0\opencv\build\include\opencv2\core\persistence.hpp : warning C4819: 该文件包含不能在当前代码页(936)中表示的字符。请将该文件保存为 Unicode 格式以防止数据丢失
d:\opencv3.0\opencv\build\include\opencv2\core\utility.hpp : warning C4819: 该文件包含不能在当前代码页(936)中表示的字符。请将该文件保存为 Unicode 格式以防止数据丢失
d:\opencv3.0\opencv\build\include\opencv2\core\utility.hpp : warning C4819: 该文件包含不能在当前代码页(936)中表示的字符。请将该文件保存为 Unicode 格式以防止数据丢失
d:\code_image_stitch\niswgsp_new\niswgsp\mesh\meshgrid.cpp(276): warning C4244: “参数”: 从“double”转换到“float”，可能丢失数据
  d:\code_image_stitch\niswgsp_new\niswgsp\mesh\meshgrid.cpp(291): note: 参见对正在编译的函数 模板 实例化“InterpolateVertex MeshGrid::getInterpolateVertexTemplate<double>(const cv::Point_<double> &) const”的引用
d:\microsoft visual studio 14.0\vc\include\xmemory0(737): warning C4244: “参数”: 从“double”转换到“float”，可能丢失数据
  d:\microsoft visual studio 14.0\vc\include\xmemory0(857): note: 参见对正在编译的函数 模板 实例化“void std::allocator<_Ty>::construct<_Objty,double,double>(_Objty *,double &&,double &&)”的引用
          with
          [
              _Ty=cv::Point2f,
              _Objty=cv::Point_<float>
          ]
  d:\microsoft visual studio 14.0\vc\include\xmemory0(857): note: 参见对正在编译的函数 模板 实例化“void std::allocator<_Ty>::construct<_Objty,double,double>(_Objty *,double &&,double &&)”的引用
          with
          [
              _Ty=cv::Point2f,
              _Objty=cv::Point_<float>
          ]
  d:\microsoft visual studio 14.0\vc\include\xmemory0(996): note: 参见对正在编译的函数 模板 实例化“void std::allocator_traits<_Alloc>::construct<_Ty,double,double>(std::allocator<_Ty> &,_Objty *,double &&,double &&)”的引用
          with
          [
              _Alloc=std::allocator<cv::Point2f>,
              _Ty=cv::Point_<float>,
              _Objty=cv::Point_<float>
          ]
  d:\microsoft visual studio 14.0\vc\include\xmemory0(995): note: 参见对正在编译的函数 模板 实例化“void std::allocator_traits<_Alloc>::construct<_Ty,double,double>(std::allocator<_Ty> &,_Objty *,double &&,double &&)”的引用
          with
          [
              _Alloc=std::allocator<cv::Point2f>,
              _Ty=cv::Point_<float>,
              _Objty=cv::Point_<float>
          ]
  d:\microsoft visual studio 14.0\vc\include\vector(930): note: 参见对正在编译的函数 模板 实例化“void std::_Wrap_alloc<std::allocator<_Ty>>::construct<_Ty,double,double>(_Ty *,double &&,double &&)”的引用
          with
          [
              _Ty=cv::Point2f
          ]
  d:\microsoft visual studio 14.0\vc\include\vector(929): note: 参见对正在编译的函数 模板 实例化“void std::_Wrap_alloc<std::allocator<_Ty>>::construct<_Ty,double,double>(_Ty *,double &&,double &&)”的引用
          with
          [
              _Ty=cv::Point2f
          ]
  d:\code_image_stitch\niswgsp_new\niswgsp\mesh\meshgrid.cpp(25): note: 参见对正在编译的函数 模板 实例化“void std::vector<cv::Point2f,std::allocator<_Ty>>::emplace_back<double,double>(double &&,double &&)”的引用
          with
          [
              _Ty=cv::Point2f
          ]
  d:\code_image_stitch\niswgsp_new\niswgsp\mesh\meshgrid.cpp(25): note: 参见对正在编译的函数 模板 实例化“void std::vector<cv::Point2f,std::allocator<_Ty>>::emplace_back<double,double>(double &&,double &&)”的引用
          with
          [
              _Ty=cv::Point2f
          ]
  Mesh2D.cpp
d:\opencv3.0\opencv\build\include\opencv2\core\mat.hpp(1965): warning C4819: 该文件包含不能在当前代码页(936)中表示的字符。请将该文件保存为 Unicode 格式以防止数据丢失
d:\opencv3.0\opencv\build\include\opencv2\core\persistence.hpp : warning C4819: 该文件包含不能在当前代码页(936)中表示的字符。请将该文件保存为 Unicode 格式以防止数据丢失
d:\opencv3.0\opencv\build\include\opencv2\core\utility.hpp : warning C4819: 该文件包含不能在当前代码页(936)中表示的字符。请将该文件保存为 Unicode 格式以防止数据丢失
d:\opencv3.0\opencv\build\include\opencv2\core\utility.hpp : warning C4819: 该文件包含不能在当前代码页(936)中表示的字符。请将该文件保存为 Unicode 格式以防止数据丢失
d:\code_image_stitch\niswgsp_new\niswgsp\mesh\mesh2d.cpp(39): warning C4244: “参数”: 从“double”转换到“int”，可能丢失数据
  d:\code_image_stitch\niswgsp_new\niswgsp\mesh\mesh2d.cpp(45): note: 参见对正在编译的函数 模板 实例化“int Mesh2D::getGridIndexOfPoint<float>(const cv::Point_<float> &) const”的引用
  main.cpp
d:\opencv3.0\opencv\build\include\opencv2\core\mat.hpp(1965): warning C4819: 该文件包含不能在当前代码页(936)中表示的字符。请将该文件保存为 Unicode 格式以防止数据丢失
d:\opencv3.0\opencv\build\include\opencv2\core\persistence.hpp : warning C4819: 该文件包含不能在当前代码页(936)中表示的字符。请将该文件保存为 Unicode 格式以防止数据丢失
d:\opencv3.0\opencv\build\include\opencv2\core\utility.hpp : warning C4819: 该文件包含不能在当前代码页(936)中表示的字符。请将该文件保存为 Unicode 格式以防止数据丢失
d:\opencv3.0\opencv\build\include\opencv2\core\utility.hpp : warning C4819: 该文件包含不能在当前代码页(936)中表示的字符。请将该文件保存为 Unicode 格式以防止数据丢失
  MultiImages.cpp
d:\opencv3.0\opencv\build\include\opencv2\core\mat.hpp(1965): warning C4819: 该文件包含不能在当前代码页(936)中表示的字符。请将该文件保存为 Unicode 格式以防止数据丢失
d:\opencv3.0\opencv\build\include\opencv2\core\persistence.hpp : warning C4819: 该文件包含不能在当前代码页(936)中表示的字符。请将该文件保存为 Unicode 格式以防止数据丢失
d:\opencv3.0\opencv\build\include\opencv2\core\utility.hpp : warning C4819: 该文件包含不能在当前代码页(936)中表示的字符。请将该文件保存为 Unicode 格式以防止数据丢失
d:\opencv3.0\opencv\build\include\opencv2\core\utility.hpp : warning C4819: 该文件包含不能在当前代码页(936)中表示的字符。请将该文件保存为 Unicode 格式以防止数据丢失
d:\code_image_stitch\niswgsp_new\niswgsp\feature\multiimages.cpp(327): warning C4267: “+=”: 从“size_t”转换到“int”，可能丢失数据
d:\code_image_stitch\niswgsp_new\niswgsp\feature\multiimages.cpp(459): warning C4244: “=”: 从“const double”转换到“FLOAT_TYPE”，可能丢失数据
d:\code_image_stitch\niswgsp_new\niswgsp\feature\multiimages.cpp(587): warning C4244: “参数”: 从“const int”转换到“float”，可能丢失数据
d:\code_image_stitch\niswgsp_new\niswgsp\feature\multiimages.cpp(588): warning C4244: “参数”: 从“const int”转换到“float”，可能丢失数据
d:\code_image_stitch\niswgsp_new\niswgsp\feature\multiimages.cpp(589): warning C4244: “参数”: 从“const int”转换到“float”，可能丢失数据
d:\code_image_stitch\niswgsp_new\niswgsp\feature\multiimages.cpp(590): warning C4244: “参数”: 从“const int”转换到“float”，可能丢失数据
d:\code_image_stitch\niswgsp_new\niswgsp\feature\multiimages.cpp(642): warning C4244: “参数”: 从“double”转换到“float”，可能丢失数据
d:\code_image_stitch\niswgsp_new\niswgsp\feature\multiimages.cpp(644): warning C4244: “=”: 从“double”转换到“float”，可能丢失数据
d:\code_image_stitch\niswgsp_new\niswgsp\feature\multiimages.cpp(840): warning C4244: “初始化”: 从“double”转换到“int”，可能丢失数据
d:\code_image_stitch\niswgsp_new\niswgsp\feature\multiimages.cpp(840): warning C4244: “初始化”: 从“double”转换到“const int”，可能丢失数据
d:\code_image_stitch\niswgsp_new\niswgsp\feature\multiimages.cpp(855): warning C4244: “初始化”: 从“double”转换到“int”，可能丢失数据
d:\code_image_stitch\niswgsp_new\niswgsp\feature\multiimages.cpp(855): warning C4244: “初始化”: 从“double”转换到“const int”，可能丢失数据
d:\code_image_stitch\niswgsp_new\niswgsp\feature\multiimages.cpp(976): error C2039: “inserter”: 不是“std”的成员
  d:\microsoft visual studio 14.0\vc\include\memory(1175): note: 参见“std”的声明
d:\code_image_stitch\niswgsp_new\niswgsp\feature\multiimages.cpp(976): error C3861: “inserter”: 找不到标识符
d:\code_image_stitch\niswgsp_new\niswgsp\feature\multiimages.cpp(981): error C2039: “inserter”: 不是“std”的成员
  d:\microsoft visual studio 14.0\vc\include\memory(1175): note: 参见“std”的声明
d:\code_image_stitch\niswgsp_new\niswgsp\feature\multiimages.cpp(981): error C3861: “inserter”: 找不到标识符
d:\code_image_stitch\niswgsp_new\niswgsp\feature\multiimages.cpp(1045): warning C4244: “初始化”: 从“double”转换到“int”，可能丢失数据
d:\code_image_stitch\niswgsp_new\niswgsp\feature\multiimages.cpp(1045): warning C4244: “初始化”: 从“double”转换到“const int”，可能丢失数据
d:\code_image_stitch\niswgsp_new\niswgsp\feature\multiimages.cpp(1054): warning C4244: “参数”: 从“float”转换到“int”，可能丢失数据
d:\code_image_stitch\niswgsp_new\niswgsp\feature\multiimages.cpp(1079): warning C4244: “参数”: 从“float”转换到“int”，可能丢失数据
d:\code_image_stitch\niswgsp_new\niswgsp\feature\multiimages.cpp(1086): warning C4244: “参数”: 从“int”转换到“FLOAT_TYPE”，可能丢失数据
  ImageData.cpp
d:\opencv3.0\opencv\build\include\opencv2\core\mat.hpp(1965): warning C4819: 该文件包含不能在当前代码页(936)中表示的字符。请将该文件保存为 Unicode 格式以防止数据丢失
d:\opencv3.0\opencv\build\include\opencv2\core\persistence.hpp : warning C4819: 该文件包含不能在当前代码页(936)中表示的字符。请将该文件保存为 Unicode 格式以防止数据丢失
d:\opencv3.0\opencv\build\include\opencv2\core\utility.hpp : warning C4819: 该文件包含不能在当前代码页(936)中表示的字符。请将该文件保存为 Unicode 格式以防止数据丢失
d:\opencv3.0\opencv\build\include\opencv2\core\utility.hpp : warning C4819: 该文件包含不能在当前代码页(936)中表示的字符。请将该文件保存为 Unicode 格式以防止数据丢失
d:\code_image_stitch\niswgsp_new\niswgsp\feature\imagedata.cpp(60): warning C4244: “初始化”: 从“int”转换到“float”，可能丢失数据
  FeatureController.cpp
d:\opencv3.0\opencv\build\include\opencv2\core\mat.hpp(1965): warning C4819: 该文件包含不能在当前代码页(936)中表示的字符。请将该文件保存为 Unicode 格式以防止数据丢失
d:\opencv3.0\opencv\build\include\opencv2\core\persistence.hpp : warning C4819: 该文件包含不能在当前代码页(936)中表示的字符。请将该文件保存为 Unicode 格式以防止数据丢失
d:\opencv3.0\opencv\build\include\opencv2\core\utility.hpp : warning C4819: 该文件包含不能在当前代码页(936)中表示的字符。请将该文件保存为 Unicode 格式以防止数据丢失
d:\opencv3.0\opencv\build\include\opencv2\core\utility.hpp : warning C4819: 该文件包含不能在当前代码页(936)中表示的字符。请将该文件保存为 Unicode 格式以防止数据丢失
d:\code_image_stitch\niswgsp_new\niswgsp\feature\featurecontroller.cpp(62): warning C4244: “参数”: 从“double”转换到“int”，可能丢失数据
  TimeCalculator.cpp
  ImageDebugger.cpp
d:\opencv3.0\opencv\build\include\opencv2\core\mat.hpp(1965): warning C4819: 该文件包含不能在当前代码页(936)中表示的字符。请将该文件保存为 Unicode 格式以防止数据丢失
d:\opencv3.0\opencv\build\include\opencv2\core\persistence.hpp : warning C4819: 该文件包含不能在当前代码页(936)中表示的字符。请将该文件保存为 Unicode 格式以防止数据丢失
d:\opencv3.0\opencv\build\include\opencv2\core\utility.hpp : warning C4819: 该文件包含不能在当前代码页(936)中表示的字符。请将该文件保存为 Unicode 格式以防止数据丢失
d:\opencv3.0\opencv\build\include\opencv2\core\utility.hpp : warning C4819: 该文件包含不能在当前代码页(936)中表示的字符。请将该文件保存为 Unicode 格式以防止数据丢失
d:\code_image_stitch\niswgsp_new\niswgsp\debugger\imagedebugger.cpp(42): warning C4244: “参数”: 从“const int”转换到“float”，可能丢失数据
d:\code_image_stitch\niswgsp_new\niswgsp\debugger\imagedebugger.cpp(43): warning C4244: “参数”: 从“const int”转换到“float”，可能丢失数据
  ErrorController.cpp
  ColorMap.cpp
d:\opencv3.0\opencv\build\include\opencv2\core\mat.hpp(1965): warning C4819: 该文件包含不能在当前代码页(936)中表示的字符。请将该文件保存为 Unicode 格式以防止数据丢失
d:\opencv3.0\opencv\build\include\opencv2\core\persistence.hpp : warning C4819: 该文件包含不能在当前代码页(936)中表示的字符。请将该文件保存为 Unicode 格式以防止数据丢失
d:\opencv3.0\opencv\build\include\opencv2\core\utility.hpp : warning C4819: 该文件包含不能在当前代码页(936)中表示的字符。请将该文件保存为 Unicode 格式以防止数据丢失
d:\opencv3.0\opencv\build\include\opencv2\core\utility.hpp : warning C4819: 该文件包含不能在当前代码页(936)中表示的字符。请将该文件保存为 Unicode 格式以防止数据丢失
  正在生成代码...
