d:\code_image_stitch\niswgsp_new\niswgsp\x64\debug\vc140.pdb
d:\code_image_stitch\niswgsp_new\niswgsp\x64\debug\vc140.idb
d:\code_image_stitch\niswgsp_new\niswgsp\x64\debug\colormap.obj
d:\code_image_stitch\niswgsp_new\niswgsp\x64\debug\errorcontroller.obj
d:\code_image_stitch\niswgsp_new\niswgsp\x64\debug\imagedebugger.obj
d:\code_image_stitch\niswgsp_new\niswgsp\x64\debug\timecalculator.obj
d:\code_image_stitch\niswgsp_new\niswgsp\x64\debug\featurecontroller.obj
d:\code_image_stitch\niswgsp_new\niswgsp\x64\debug\imagedata.obj
d:\code_image_stitch\niswgsp_new\niswgsp\x64\debug\mesh2d.obj
d:\code_image_stitch\niswgsp_new\niswgsp\x64\debug\meshgrid.obj
d:\code_image_stitch\niswgsp_new\niswgsp\x64\debug\apap_stitching.obj
d:\code_image_stitch\niswgsp_new\niswgsp\x64\debug\blending.obj
d:\code_image_stitch\niswgsp_new\niswgsp\x64\debug\inputparser.obj
d:\code_image_stitch\niswgsp_new\niswgsp\x64\debug\statistics.obj
d:\code_image_stitch\niswgsp_new\niswgsp\x64\debug\transform.obj
d:\code_image_stitch\niswgsp_new\niswgsp\mwcomtypes_p.c
d:\code_image_stitch\niswgsp_new\niswgsp\mwcomtypes_i.c
d:\code_image_stitch\niswgsp_new\niswgsp\mwcomtypes_h.h
d:\code_image_stitch\niswgsp_new\niswgsp\x64\debug\niswgsp.tlog\cl.command.1.tlog
d:\code_image_stitch\niswgsp_new\niswgsp\x64\debug\niswgsp.tlog\cl.read.1.tlog
d:\code_image_stitch\niswgsp_new\niswgsp\x64\debug\niswgsp.tlog\cl.write.1.tlog
d:\code_image_stitch\niswgsp_new\niswgsp\x64\debug\niswgsp.tlog\midl.command.1.tlog
d:\code_image_stitch\niswgsp_new\niswgsp\x64\debug\niswgsp.tlog\midl.read.1.tlog
d:\code_image_stitch\niswgsp_new\niswgsp\x64\debug\niswgsp.tlog\midl.write.1.tlog
